<?xml version="1.0" encoding="UTF-8"?>
<!-- Generated by org.testng.reporters.JUnitXMLReporter -->
<testsuite ignored="0" hostname="LAPTOP-M7MT5PPL" failures="0" tests="6" name="Test" time="149.115" errors="0" timestamp="2024-03-19T19:29:18 IST">
  <testcase classname="DemoQA.checkbox" name="Echeck" time="32.008"/>
  <testcase classname="DemoQA.tables" name="ERadio" time="17.315"/>
  <testcase classname="DemoQA1.Links" name="L1" time="22.049"/>
  <testcase classname="DemoQA1.Buttons" name="doubleclick" time="37.401"/>
  <testcase classname="DemoQA.Textbox" name="Etext" time="8.375"/>
  <testcase classname="DemoQA.Radio" name="ERadio" time="31.904"/>
</testsuite> <!-- Test -->
